Analyzing maple-web...                                          

warning - Unused import: 'package:firebase_auth/firebase_auth.dart' - lib\app\app.dart:1:8 - unused_import
  error - The returned type 'DashboardScreen' isn't returnable from a 'Widget' function, as required by the closure's context - lib\app\app.dart:95:18 - return_of_invalid_type_from_closure
   info - 'background' is deprecated and shouldn't be used. Use surface instead. This feature was deprecated after v3.18.0-0.1.pre - lib\app\theme.dart:29:7 - deprecated_member_use
   info - 'background' is deprecated and shouldn't be used. Use surface instead. This feature was deprecated after v3.18.0-0.1.pre - lib\app\theme.dart:39:44 - deprecated_member_use
   info - 'surfaceVariant' is deprecated and shouldn't be used. Use surfaceContainerHighest instead. This feature was deprecated after v3.18.0-0.1.pre - lib\app\theme.dart:58:32 - deprecated_member_use
   info - 'withOpacity' is deprecated and shouldn't be used. Use .withValues() to avoid precision loss - lib\app\theme.dart:58:47 - deprecated_member_use
  error - Expected a method, getter, setter or operator declaration - lib\app\theme.dart:74:1 - expected_executable
  error - Classes can only extend other classes - lib\screens\dashboard_screen.dart:5:31 - extends_non_class
  error - No associated named super constructor parameter - lib\screens\dashboard_screen.dart:7:11 - super_formal_parameter_without_associated_named
  error - Undefined class 'AuthService' - lib\screens\dashboard_screen.dart:13:9 - undefined_class
  error - Undefined class 'FirestoreService' - lib\screens\dashboard_screen.dart:14:9 - undefined_class
  error - Undefined class 'State' - lib\screens\dashboard_screen.dart:18:3 - undefined_class
warning - The method doesn't override an inherited method - lib\screens\dashboard_screen.dart:18:26 - override_on_non_overriding_member
  error - Classes can only extend other classes - lib\screens\dashboard_screen.dart:21:37 - extends_non_class
  error - The method 'GlobalKey' isn't defined for the type '_DashboardScreenState' - lib\screens\dashboard_screen.dart:22:20 - undefined_method
  error - The name 'FormState' isn't a type, so it can't be used as a type argument - lib\screens\dashboard_screen.dart:22:30 - non_type_as_type_argument
  error - The method 'TextEditingController' isn't defined for the type '_DashboardScreenState' - lib\screens\dashboard_screen.dart:23:27 - undefined_method
  error - The method 'TextEditingController' isn't defined for the type '_DashboardScreenState' - lib\screens\dashboard_screen.dart:24:28 - undefined_method
  error - The method 'TextEditingController' isn't defined for the type '_DashboardScreenState' - lib\screens\dashboard_screen.dart:25:28 - undefined_method
  error - The method 'TextEditingController' isn't defined for the type '_DashboardScreenState' - lib\screens\dashboard_screen.dart:26:28 - undefined_method
  error - The method 'TextEditingController' isn't defined for the type '_DashboardScreenState' - lib\screens\dashboard_screen.dart:28:36 - undefined_method
  error - The method 'TextEditingController' isn't defined for the type '_DashboardScreenState' - lib\screens\dashboard_screen.dart:29:36 - undefined_method
  error - The method 'DocumentService' isn't defined for the type '_DashboardScreenState' - lib\screens\dashboard_screen.dart:31:28 - undefined_method
  error - The method 'ReminderService' isn't defined for the type '_DashboardScreenState' - lib\screens\dashboard_screen.dart:32:28 - undefined_method
  error - The method 'CalendarService' isn't defined for the type '_DashboardScreenState' - lib\screens\dashboard_screen.dart:33:28 - undefined_method
  error - The method 'GlobalKey' isn't defined for the type '_DashboardScreenState' - lib\screens\dashboard_screen.dart:36:26 - undefined_method
  error - The method 'GlobalKey' isn't defined for the type '_DashboardScreenState' - lib\screens\dashboard_screen.dart:37:28 - undefined_method
  error - The method 'GlobalKey' isn't defined for the type '_DashboardScreenState' - lib\screens\dashboard_screen.dart:38:25 - undefined_method
  error - Undefined class 'TimeOfDay' - lib\screens\dashboard_screen.dart:50:3 - undefined_class
  error - Undefined class 'GeneratedDocument' - lib\screens\dashboard_screen.dart:62:3 - undefined_class
  error - Undefined class 'GeneratedDocument' - lib\screens\dashboard_screen.dart:63:3 - undefined_class
  error - Undefined class 'GeneratedDocument' - lib\screens\dashboard_screen.dart:64:3 - undefined_class
  error - The name 'ServiceItem' isn't a type, so it can't be used as a type argument - lib\screens\dashboard_screen.dart:66:8 - non_type_as_type_argument
  error - The name 'MatchResult' isn't a type, so it can't be used as a type argument - lib\screens\dashboard_screen.dart:67:8 - non_type_as_type_argument
warning - The method doesn't override an inherited method - lib\screens\dashboard_screen.dart:71:8 - override_on_non_overriding_member
  error - The method 'initState' isn't defined in a superclass of '_DashboardScreenState' - lib\screens\dashboard_screen.dart:72:11 - undefined_super_member
warning - The method doesn't override an inherited method - lib\screens\dashboard_screen.dart:78:8 - override_on_non_overriding_member
  error - The method 'didChangeDependencies' isn't defined in a superclass of '_DashboardScreenState' - lib\screens\dashboard_screen.dart:79:11 - undefined_super_member
  error - Undefined name 'AppLocalizations' - lib\screens\dashboard_screen.dart:84:18 - undefined_identifier
  error - Undefined name 'context' - lib\screens\dashboard_screen.dart:84:38 - undefined_identifier
  error - Undefined name 'widget' - lib\screens\dashboard_screen.dart:115:30 - undefined_identifier
  error - Undefined name 'mounted' - lib\screens\dashboard_screen.dart:116:23 - undefined_identifier
  error - The method 'Text' isn't defined for the type '_DashboardScreenState' - lib\screens\dashboard_screen.dart:132:24 - undefined_method
  error - Undefined name 'AppLocalizations' - lib\screens\dashboard_screen.dart:133:19 - undefined_identifier
  error - The name 'TextStyle' isn't a class - lib\screens\dashboard_screen.dart:134:32 - creation_with_non_type
  error - Undefined name 'Colors' - lib\screens\dashboard_screen.dart:134:49 - undefined_identifier
  error - The method 'Text' isn't defined for the type '_DashboardScreenState' - lib\screens\dashboard_screen.dart:147:24 - undefined_method
  error - Undefined name 'AppLocalizations' - lib\screens\dashboard_screen.dart:148:19 - undefined_identifier
  error - The name 'TextStyle' isn't a class - lib\screens\dashboard_screen.dart:149:32 - creation_with_non_type
  error - Undefined name 'Colors' - lib\screens\dashboard_screen.dart:149:49 - undefined_identifier
  error - The method 'Text' isn't defined for the type '_DashboardScreenState' - lib\screens\dashboard_screen.dart:162:24 - undefined_method
  error - Undefined name 'AppLocalizations' - lib\screens\dashboard_screen.dart:163:19 - undefined_identifier
  error - The name 'TextStyle' isn't a class - lib\screens\dashboard_screen.dart:164:32 - creation_with_non_type
  error - Undefined name 'Colors' - lib\screens\dashboard_screen.dart:164:49 - undefined_identifier
  error - Undefined name 'Colors' - lib\screens\dashboard_screen.dart:171:20 - undefined_identifier
  error - Undefined name 'widget' - lib\screens\dashboard_screen.dart:173:9 - undefined_identifier
  error - Undefined name 'context' - lib\screens\dashboard_screen.dart:175:21 - undefined_identifier
  error - Undefined name 'widget' - lib\screens\dashboard_screen.dart:179:27 - undefined_identifier
  error - Undefined name 'mounted' - lib\screens\dashboard_screen.dart:180:10 - undefined_identifier
  error - The method 'setState' isn't defined for the type '_DashboardScreenState' - lib\screens\dashboard_screen.dart:183:5 - undefined_method
  error - The method 'showDatePicker' isn't defined for the type '_DashboardScreenState' - lib\screens\dashboard_screen.dart:191:28 - undefined_method
  error - Undefined name 'context' - lib\screens\dashboard_screen.dart:192:16 - undefined_identifier
  error - The method 'setState' isn't defined for the type '_DashboardScreenState' - lib\screens\dashboard_screen.dart:200:5 - undefined_method
  error - The method 'showDatePicker' isn't defined for the type '_DashboardScreenState' - lib\screens\dashboard_screen.dart:207:28 - undefined_method
  error - Undefined name 'context' - lib\screens\dashboard_screen.dart:208:16 - undefined_identifier
  error - The method 'setState' isn't defined for the type '_DashboardScreenState' - lib\screens\dashboard_screen.dart:216:5 - undefined_method
  error - The method 'showTimePicker' isn't defined for the type '_DashboardScreenState' - lib\screens\dashboard_screen.dart:220:28 - undefined_method
  error - Undefined name 'context' - lib\screens\dashboard_screen.dart:221:16 - undefined_identifier
  error - Undefined name 'TimeOfDay' - lib\screens\dashboard_screen.dart:222:37 - undefined_identifier
  error - The method 'setState' isn't defined for the type '_DashboardScreenState' - lib\screens\dashboard_screen.dart:227:5 - undefined_method
warning - The method doesn't override an inherited method - lib\screens\dashboard_screen.dart:233:8 - override_on_non_overriding_member
  error - The method 'dispose' isn't defined in a superclass of '_DashboardScreenState' - lib\screens\dashboard_screen.dart:241:11 - undefined_super_member
  error - The method 'ServiceMatcher' isn't defined for the type '_DashboardScreenState' - lib\screens\dashboard_screen.dart:252:21 - undefined_method
  error - The method 'ServiceMatchInput' isn't defined for the type '_DashboardScreenState' - lib\screens\dashboard_screen.dart:253:19 - undefined_method
  error - Undefined name 'mounted' - lib\screens\dashboard_screen.dart:263:9 - undefined_identifier
  error - The method 'setState' isn't defined for the type '_DashboardScreenState' - lib\screens\dashboard_screen.dart:264:7 - undefined_method
  error - The method 'setState' isn't defined for the type '_DashboardScreenState' - lib\screens\dashboard_screen.dart:278:5 - undefined_method
  error - Undefined name 'widget' - lib\screens\dashboard_screen.dart:281:27 - undefined_identifier
  error - Undefined name 'mounted' - lib\screens\dashboard_screen.dart:282:12 - undefined_identifier
  error - The method 'setState' isn't defined for the type '_DashboardScreenState' - lib\screens\dashboard_screen.dart:285:7 - undefined_method
  error - Undefined name 'ScaffoldMessenger' - lib\screens\dashboard_screen.dart:286:7 - undefined_identifier
  error - Undefined name 'context' - lib\screens\dashboard_screen.dart:286:28 - undefined_identifier
  error - The method 'SnackBar' isn't defined for the type '_DashboardScreenState' - lib\screens\dashboard_screen.dart:287:9 - undefined_method
  error - The method 'Text' isn't defined for the type '_DashboardScreenState' - lib\screens\dashboard_screen.dart:287:27 - undefined_method
  error - Undefined name 'AppLocalizations' - lib\screens\dashboard_screen.dart:287:32 - undefined_identifier
  error - Undefined name 'context' - lib\screens\dashboard_screen.dart:287:52 - undefined_identifier
  error - Undefined name 'mounted' - lib\screens\dashboard_screen.dart:291:12 - undefined_identifier
  error - Undefined name 'ScaffoldMessenger' - lib\screens\dashboard_screen.dart:294:7 - undefined_identifier
  error - Undefined name 'context' - lib\screens\dashboard_screen.dart:294:28 - undefined_identifier
  error - The method 'SnackBar' isn't defined for the type '_DashboardScreenState' - lib\screens\dashboard_screen.dart:295:9 - undefined_method
  error - The method 'Text' isn't defined for the type '_DashboardScreenState' - lib\screens\dashboard_screen.dart:295:27 - undefined_method
  error - Undefined name 'AppLocalizations' - lib\screens\dashboard_screen.dart:295:32 - undefined_identifier
  error - Undefined name 'context' - lib\screens\dashboard_screen.dart:295:52 - undefined_identifier
  error - Undefined name 'mounted' - lib\screens\dashboard_screen.dart:299:11 - undefined_identifier
  error - The method 'setState' isn't defined for the type '_DashboardScreenState' - lib\screens\dashboard_screen.dart:300:9 - undefined_method
  error - Undefined class 'Client' - lib\screens\dashboard_screen.dart:305:3 - undefined_class
  error - The method 'Client' isn't defined for the type '_DashboardScreenState' - lib\screens\dashboard_screen.dart:306:12 - undefined_method
  error - Undefined class 'DocumentType' - lib\screens\dashboard_screen.dart:327:34 - undefined_class
  error - Undefined name 'ScaffoldMessenger' - lib\screens\dashboard_screen.dart:329:7 - undefined_identifier
  error - Undefined name 'context' - lib\screens\dashboard_screen.dart:329:28 - undefined_identifier
  error - The method 'SnackBar' isn't defined for the type '_DashboardScreenState' - lib\screens\dashboard_screen.dart:330:9 - undefined_method
  error - The method 'Text' isn't defined for the type '_DashboardScreenState' - lib\screens\dashboard_screen.dart:330:27 - undefined_method
  error - Undefined name 'AppLocalizations' - lib\screens\dashboard_screen.dart:330:32 - undefined_identifier
  error - Undefined name 'context' - lib\screens\dashboard_screen.dart:330:52 - undefined_identifier
  error - The method 'setState' isn't defined for the type '_DashboardScreenState' - lib\screens\dashboard_screen.dart:339:5 - undefined_method
  error - Undefined name 'DocumentType' - lib\screens\dashboard_screen.dart:341:14 - undefined_identifier
  error - Undefined name 'DocumentType' - lib\screens\dashboard_screen.dart:344:14 - undefined_identifier
  error - Undefined name 'DocumentType' - lib\screens\dashboard_screen.dart:347:14 - undefined_identifier
  error - Undefined name 'mounted' - lib\screens\dashboard_screen.dart:359:12 - undefined_identifier
  error - The method 'setState' isn't defined for the type '_DashboardScreenState' - lib\screens\dashboard_screen.dart:362:7 - undefined_method
  error - Undefined name 'DocumentType' - lib\screens\dashboard_screen.dart:364:16 - undefined_identifier
  error - Undefined name 'DocumentType' - lib\screens\dashboard_screen.dart:367:16 - undefined_identifier
  error - Undefined name 'DocumentType' - lib\screens\dashboard_screen.dart:370:16 - undefined_identifier
  error - Undefined name 'ScaffoldMessenger' - lib\screens\dashboard_screen.dart:375:7 - undefined_identifier
  error - Undefined name 'context' - lib\screens\dashboard_screen.dart:375:28 - undefined_identifier
  error - The method 'SnackBar' isn't defined for the type '_DashboardScreenState' - lib\screens\dashboard_screen.dart:376:9 - undefined_method
  error - The method 'Text' isn't defined for the type '_DashboardScreenState' - lib\screens\dashboard_screen.dart:376:27 - undefined_method
  error - Undefined name 'AppLocalizations' - lib\screens\dashboard_screen.dart:376:32 - undefined_identifier
  error - Undefined name 'context' - lib\screens\dashboard_screen.dart:376:52 - undefined_identifier
  error - Undefined name 'mounted' - lib\screens\dashboard_screen.dart:379:12 - undefined_identifier
  error - Undefined name 'ScaffoldMessenger' - lib\screens\dashboard_screen.dart:382:7 - undefined_identifier
  error - Undefined name 'context' - lib\screens\dashboard_screen.dart:382:28 - undefined_identifier
  error - The method 'SnackBar' isn't defined for the type '_DashboardScreenState' - lib\screens\dashboard_screen.dart:383:9 - undefined_method
  error - The method 'Text' isn't defined for the type '_DashboardScreenState' - lib\screens\dashboard_screen.dart:383:27 - undefined_method
  error - Undefined name 'mounted' - lib\screens\dashboard_screen.dart:386:11 - undefined_identifier
  error - The method 'setState' isn't defined for the type '_DashboardScreenState' - lib\screens\dashboard_screen.dart:387:9 - undefined_method
  error - Undefined name 'ScaffoldMessenger' - lib\screens\dashboard_screen.dart:398:7 - undefined_identifier
  error - Undefined name 'context' - lib\screens\dashboard_screen.dart:398:28 - undefined_identifier
  error - The method 'SnackBar' isn't defined for the type '_DashboardScreenState' - lib\screens\dashboard_screen.dart:399:9 - undefined_method
  error - The method 'Text' isn't defined for the type '_DashboardScreenState' - lib\screens\dashboard_screen.dart:399:27 - undefined_method
  error - Undefined name 'AppLocalizations' - lib\screens\dashboard_screen.dart:399:32 - undefined_identifier
  error - Undefined name 'context' - lib\screens\dashboard_screen.dart:399:52 - undefined_identifier
  error - The method 'setState' isn't defined for the type '_DashboardScreenState' - lib\screens\dashboard_screen.dart:421:5 - undefined_method
  error - The method 'Reminder' isn't defined for the type '_DashboardScreenState' - lib\screens\dashboard_screen.dart:423:24 - undefined_method
  error - Undefined name 'mounted' - lib\screens\dashboard_screen.dart:431:12 - undefined_identifier
  error - Undefined name 'ScaffoldMessenger' - lib\screens\dashboard_screen.dart:434:7 - undefined_identifier
  error - Undefined name 'context' - lib\screens\dashboard_screen.dart:434:28 - undefined_identifier
  error - The method 'SnackBar' isn't defined for the type '_DashboardScreenState' - lib\screens\dashboard_screen.dart:435:9 - undefined_method
  error - The method 'Text' isn't defined for the type '_DashboardScreenState' - lib\screens\dashboard_screen.dart:435:27 - undefined_method
  error - Undefined name 'AppLocalizations' - lib\screens\dashboard_screen.dart:435:32 - undefined_identifier
  error - Undefined name 'context' - lib\screens\dashboard_screen.dart:435:52 - undefined_identifier
  error - Undefined name 'mounted' - lib\screens\dashboard_screen.dart:438:12 - undefined_identifier
  error - Undefined name 'ScaffoldMessenger' - lib\screens\dashboard_screen.dart:441:7 - undefined_identifier
  error - Undefined name 'context' - lib\screens\dashboard_screen.dart:441:28 - undefined_identifier
  error - The method 'SnackBar' isn't defined for the type '_DashboardScreenState' - lib\screens\dashboard_screen.dart:442:9 - undefined_method
  error - The method 'Text' isn't defined for the type '_DashboardScreenState' - lib\screens\dashboard_screen.dart:442:27 - undefined_method
  error - Undefined name 'AppLocalizations' - lib\screens\dashboard_screen.dart:442:32 - undefined_identifier
  error - Undefined name 'context' - lib\screens\dashboard_screen.dart:442:52 - undefined_identifier
  error - Undefined name 'mounted' - lib\screens\dashboard_screen.dart:445:11 - undefined_identifier
  error - The method 'setState' isn't defined for the type '_DashboardScreenState' - lib\screens\dashboard_screen.dart:446:9 - undefined_method
  error - Undefined name 'ScaffoldMessenger' - lib\screens\dashboard_screen.dart:453:7 - undefined_identifier
  error - Undefined name 'context' - lib\screens\dashboard_screen.dart:453:28 - undefined_identifier
  error - The method 'SnackBar' isn't defined for the type '_DashboardScreenState' - lib\screens\dashboard_screen.dart:454:9 - undefined_method
  error - The method 'Text' isn't defined for the type '_DashboardScreenState' - lib\screens\dashboard_screen.dart:454:27 - undefined_method
  error - Undefined name 'AppLocalizations' - lib\screens\dashboard_screen.dart:454:32 - undefined_identifier
  error - Undefined name 'context' - lib\screens\dashboard_screen.dart:454:52 - undefined_identifier
  error - The method 'launchUrl' isn't defined for the type '_DashboardScreenState' - lib\screens\dashboard_screen.dart:479:28 - undefined_method
  error - Undefined name 'LaunchMode' - lib\screens\dashboard_screen.dart:479:49 - undefined_identifier
  error - Undefined name 'mounted' - lib\screens\dashboard_screen.dart:480:22 - undefined_identifier
  error - Undefined name 'ScaffoldMessenger' - lib\screens\dashboard_screen.dart:481:7 - undefined_identifier
  error - Undefined name 'context' - lib\screens\dashboard_screen.dart:481:28 - undefined_identifier
  error - The name 'SnackBar' isn't a class - lib\screens\dashboard_screen.dart:482:15 - creation_with_non_type
  error - The method 'Text' isn't defined for the type '_DashboardScreenState' - lib\screens\dashboard_screen.dart:482:33 - undefined_method
  error - The name 'ServiceItem' isn't a type, so it can't be used as a type argument - lib\screens\dashboard_screen.dart:487:8 - non_type_as_type_argument
  error - The property 'id' can't be unconditionally accessed because the receiver can be 'null' - lib\screens\dashboard_screen.dart:489:66 - unchecked_use_of_nullable_value
  error - Undefined name 'NumberFormat' - lib\screens\dashboard_screen.dart:494:12 - undefined_identifier
warning - The method doesn't override an inherited method - lib\screens\dashboard_screen.dart:498:8 - override_on_non_overriding_member
  error - The name 'dispose' is already defined - lib\screens\dashboard_screen.dart:498:8 - duplicate_definition
  error - The method 'dispose' isn't defined in a superclass of '_DashboardScreenState' - lib\screens\dashboard_screen.dart:505:11 - undefined_super_member
  error - Undefined class 'Widget' - lib\screens\dashboard_screen.dart:509:3 - undefined_class
warning - The method doesn't override an inherited method - lib\screens\dashboard_screen.dart:509:10 - override_on_non_overriding_member
  error - Undefined class 'BuildContext' - lib\screens\dashboard_screen.dart:509:16 - undefined_class
  error - Undefined name 'FirebaseAuth' - lib\screens\dashboard_screen.dart:510:18 - undefined_identifier
  error - Undefined name 'MediaQuery' - lib\screens\dashboard_screen.dart:511:20 - undefined_identifier
  error - The method 'Scaffold' isn't defined for the type '_DashboardScreenState' - lib\screens\dashboard_screen.dart:513:12 - undefined_method
  error - The method 'AppBar' isn't defined for the type '_DashboardScreenState' - lib\screens\dashboard_screen.dart:514:15 - undefined_method
  error - The method 'Text' isn't defined for the type '_DashboardScreenState' - lib\screens\dashboard_screen.dart:515:16 - undefined_method
  error - Undefined name 'AppLocalizations' - lib\screens\dashboard_screen.dart:515:21 - undefined_identifier
  error - The method 'IconButton' isn't defined for the type '_DashboardScreenState' - lib\screens\dashboard_screen.dart:517:11 - undefined_method
  error - The name 'Icon' isn't a class - lib\screens\dashboard_screen.dart:518:25 - creation_with_non_type
  error - Undefined name 'Icons' - lib\screens\dashboard_screen.dart:518:30 - undefined_identifier
  error - The name 'SettingsProvider' isn't a type, so it can't be used as a type argument - lib\screens\dashboard_screen.dart:520:45 - non_type_as_type_argument
  error - The name 'Locale' isn't a class - lib\screens\dashboard_screen.dart:522:27 - creation_with_non_type
  error - The name 'Locale' isn't a class - lib\screens\dashboard_screen.dart:523:27 - creation_with_non_type
  error - The method 'IconButton' isn't defined for the type '_DashboardScreenState' - lib\screens\dashboard_screen.dart:527:11 - undefined_method
  error - The method 'Icon' isn't defined for the type '_DashboardScreenState' - lib\screens\dashboard_screen.dart:528:19 - undefined_method
  error - The name 'SettingsProvider' isn't a type, so it can't be used as a type argument - lib\screens\dashboard_screen.dart:528:38 - non_type_as_type_argument
  error - Undefined name 'ThemeMode' - lib\screens\dashboard_screen.dart:528:71 - undefined_identifier
  error - Undefined name 'Icons' - lib\screens\dashboard_screen.dart:529:17 - undefined_identifier
  error - Undefined name 'Icons' - lib\screens\dashboard_screen.dart:530:17 - undefined_identifier
  error - The name 'SettingsProvider' isn't a type, so it can't be used as a type argument - lib\screens\dashboard_screen.dart:531:37 - non_type_as_type_argument
  error - The method 'Padding' isn't defined for the type '_DashboardScreenState' - lib\screens\dashboard_screen.dart:534:13 - undefined_method
  error - Undefined name 'EdgeInsets' - lib\screens\dashboard_screen.dart:535:30 - undefined_identifier
  error - The method 'Center' isn't defined for the type '_DashboardScreenState' - lib\screens\dashboard_screen.dart:536:22 - undefined_method
  error - The method 'Text' isn't defined for the type '_DashboardScreenState' - lib\screens\dashboard_screen.dart:537:24 - undefined_method
  error - The name 'TextStyle' isn't a class - lib\screens\dashboard_screen.dart:537:56 - creation_with_non_type
  error - The method 'TextButton' isn't defined for the type '_DashboardScreenState' - lib\screens\dashboard_screen.dart:540:11 - undefined_method
  error - Undefined name 'widget' - lib\screens\dashboard_screen.dart:541:24 - undefined_identifier
  error - The method 'Text' isn't defined for the type '_DashboardScreenState' - lib\screens\dashboard_screen.dart:542:20 - undefined_method
  error - Undefined name 'AppLocalizations' - lib\screens\dashboard_screen.dart:542:25 - undefined_identifier
  error - The name 'SizedBox' isn't a class - lib\screens\dashboard_screen.dart:544:17 - creation_with_non_type
  error - The method 'SafeArea' isn't defined for the type '_DashboardScreenState' - lib\screens\dashboard_screen.dart:547:13 - undefined_method
  error - The name 'Center' isn't a class - lib\screens\dashboard_screen.dart:549:21 - creation_with_non_type
  error - The method 'CircularProgressIndicator' isn't defined for the type '_DashboardScreenState' - lib\screens\dashboard_screen.dart:549:35 - undefined_method
  error - The method 'SingleChildScrollView' isn't defined for the type '_DashboardScreenState' - lib\screens\dashboard_screen.dart:550:15 - undefined_method
  error - Undefined name 'EdgeInsets' - lib\screens\dashboard_screen.dart:551:32 - undefined_identifier
  error - The method 'Row' isn't defined for the type '_DashboardScreenState' - lib\screens\dashboard_screen.dart:553:23 - undefined_method
  error - Undefined name 'CrossAxisAlignment' - lib\screens\dashboard_screen.dart:554:45 - undefined_identifier
  error - The method 'Expanded' isn't defined for the type '_DashboardScreenState' - lib\screens\dashboard_screen.dart:556:27 - undefined_method
  error - The method 'Column' isn't defined for the type '_DashboardScreenState' - lib\screens\dashboard_screen.dart:558:36 - undefined_method
  error - The name 'SizedBox' isn't a class - lib\screens\dashboard_screen.dart:561:39 - creation_with_non_type
  error - The name 'SizedBox' isn't a class - lib\screens\dashboard_screen.dart:566:33 - creation_with_non_type
  error - The method 'Expanded' isn't defined for the type '_DashboardScreenState' - lib\screens\dashboard_screen.dart:567:27 - undefined_method
  error - The method 'Column' isn't defined for the type '_DashboardScreenState' - lib\screens\dashboard_screen.dart:569:36 - undefined_method
  error - The name 'SizedBox' isn't a class - lib\screens\dashboard_screen.dart:572:39 - creation_with_non_type
  error - The name 'SizedBox' isn't a class - lib\screens\dashboard_screen.dart:574:39 - creation_with_non_type
  error - The method 'Column' isn't defined for the type '_DashboardScreenState' - lib\screens\dashboard_screen.dart:581:23 - undefined_method
  error - The name 'SizedBox' isn't a class - lib\screens\dashboard_screen.dart:584:33 - creation_with_non_type
  error - The name 'SizedBox' isn't a class - lib\screens\dashboard_screen.dart:586:33 - creation_with_non_type
  error - The name 'SizedBox' isn't a class - lib\screens\dashboard_screen.dart:588:33 - creation_with_non_type
  error - The name 'SizedBox' isn't a class - lib\screens\dashboard_screen.dart:590:33 - creation_with_non_type
  error - Undefined class 'Widget' - lib\screens\dashboard_screen.dart:599:3 - undefined_class
  error - Undefined name 'AppLocalizations' - lib\screens\dashboard_screen.dart:600:18 - undefined_identifier
  error - Undefined name 'context' - lib\screens\dashboard_screen.dart:600:38 - undefined_identifier
  error - The method 'SectionCard' isn't defined for the type '_DashboardScreenState' - lib\screens\dashboard_screen.dart:601:12 - undefined_method
  error - The method 'Form' isn't defined for the type '_DashboardScreenState' - lib\screens\dashboard_screen.dart:604:14 - undefined_method
  error - The method 'LayoutBuilder' isn't defined for the type '_DashboardScreenState' - lib\screens\dashboard_screen.dart:606:16 - undefined_method
  error - The method 'Column' isn't defined for the type '_DashboardScreenState' - lib\screens\dashboard_screen.dart:611:20 - undefined_method
  error - The method 'Wrap' isn't defined for the type '_DashboardScreenState' - lib\screens\dashboard_screen.dart:613:17 - undefined_method
  error - The method 'SizedBox' isn't defined for the type '_DashboardScreenState' - lib\screens\dashboard_screen.dart:617:21 - undefined_method
  error - The method 'TextFormField' isn't defined for the type '_DashboardScreenState' - lib\screens\dashboard_screen.dart:619:30 - undefined_method
  error - The method 'InputDecoration' isn't defined for the type '_DashboardScreenState' - lib\screens\dashboard_screen.dart:621:37 - undefined_method
  error - The method 'SizedBox' isn't defined for the type '_DashboardScreenState' - lib\screens\dashboard_screen.dart:632:21 - undefined_method
  error - The method 'TextFormField' isn't defined for the type '_DashboardScreenState' - lib\screens\dashboard_screen.dart:634:30 - undefined_method
  error - The method 'InputDecoration' isn't defined for the type '_DashboardScreenState' - lib\screens\dashboard_screen.dart:636:37 - undefined_method
  error - Undefined name 'TextInputType' - lib\screens\dashboard_screen.dart:637:39 - undefined_identifier
  error - The method 'SizedBox' isn't defined for the type '_DashboardScreenState' - lib\screens\dashboard_screen.dart:649:21 - undefined_method
  error - The method 'TextFormField' isn't defined for the type '_DashboardScreenState' - lib\screens\dashboard_screen.dart:651:30 - undefined_method
  error - The method 'InputDecoration' isn't defined for the type '_DashboardScreenState' - lib\screens\dashboard_screen.dart:653:37 - undefined_method
  error - Undefined name 'TextInputType' - lib\screens\dashboard_screen.dart:654:39 - undefined_identifier
  error - The method 'SizedBox' isn't defined for the type '_DashboardScreenState' - lib\screens\dashboard_screen.dart:657:21 - undefined_method
  error - The method 'DropdownButtonFormField' isn't defined for the type '_DashboardScreenState' - lib\screens\dashboard_screen.dart:659:30 - undefined_method
  error - The method 'DropdownMenuItem' isn't defined for the type '_DashboardScreenState' - lib\screens\dashboard_screen.dart:663:41 - undefined_method
  error - The method 'Text' isn't defined for the type '_DashboardScreenState' - lib\screens\dashboard_screen.dart:665:40 - undefined_method
  error - The method 'setState' isn't defined for the type '_DashboardScreenState' - lib\screens\dashboard_screen.dart:670:27 - undefined_method
  error - The method 'InputDecoration' isn't defined for the type '_DashboardScreenState' - lib\screens\dashboard_screen.dart:675:37 - undefined_method
  error - The method 'SizedBox' isn't defined for the type '_DashboardScreenState' - lib\screens\dashboard_screen.dart:678:21 - undefined_method
  error - The method 'DropdownButtonFormField' isn't defined for the type '_DashboardScreenState' - lib\screens\dashboard_screen.dart:680:30 - undefined_method
  error - The method 'DropdownMenuItem' isn't defined for the type '_DashboardScreenState' - lib\screens\dashboard_screen.dart:684:41 - undefined_method
  error - The method 'Text' isn't defined for the type '_DashboardScreenState' - lib\screens\dashboard_screen.dart:686:40 - undefined_method
  error - The method 'setState' isn't defined for the type '_DashboardScreenState' - lib\screens\dashboard_screen.dart:691:27 - undefined_method
  error - The method 'InputDecoration' isn't defined for the type '_DashboardScreenState' - lib\screens\dashboard_screen.dart:696:37 - undefined_method
  error - The method 'SizedBox' isn't defined for the type '_DashboardScreenState' - lib\screens\dashboard_screen.dart:699:21 - undefined_method
  error - The method 'DropdownButtonFormField' isn't defined for the type '_DashboardScreenState' - lib\screens\dashboard_screen.dart:701:30 - undefined_method
  error - The method 'DropdownMenuItem' isn't defined for the type '_DashboardScreenState' - lib\screens\dashboard_screen.dart:705:41 - undefined_method
  error - The method 'Text' isn't defined for the type '_DashboardScreenState' - lib\screens\dashboard_screen.dart:707:40 - undefined_method
  error - The method 'setState' isn't defined for the type '_DashboardScreenState' - lib\screens\dashboard_screen.dart:712:27 - undefined_method
  error - The method 'InputDecoration' isn't defined for the type '_DashboardScreenState' - lib\screens\dashboard_screen.dart:717:37 - undefined_method
  error - The method 'SizedBox' isn't defined for the type '_DashboardScreenState' - lib\screens\dashboard_screen.dart:720:21 - undefined_method
  error - The method 'InkWell' isn't defined for the type '_DashboardScreenState' - lib\screens\dashboard_screen.dart:722:30 - undefined_method
  error - The method 'InputDecorator' isn't defined for the type '_DashboardScreenState' - lib\screens\dashboard_screen.dart:724:32 - undefined_method
  error - The method 'InputDecoration' isn't defined for the type '_DashboardScreenState' - lib\screens\dashboard_screen.dart:725:39 - undefined_method
  error - The method 'Row' isn't defined for the type '_DashboardScreenState' - lib\screens\dashboard_screen.dart:728:34 - undefined_method
  error - Undefined name 'MainAxisAlignment' - lib\screens\dashboard_screen.dart:729:48 - undefined_identifier
  error - The method 'Text' isn't defined for the type '_DashboardScreenState' - lib\screens\dashboard_screen.dart:731:31 - undefined_method
  error - The method 'DateFormat' isn't defined for the type '_DashboardScreenState' - lib\screens\dashboard_screen.dart:734:39 - undefined_method
  error - The name 'Icon' isn't a class - lib\screens\dashboard_screen.dart:737:37 - creation_with_non_type
  error - Undefined name 'Icons' - lib\screens\dashboard_screen.dart:737:42 - undefined_identifier
  error - The name 'SizedBox' isn't a class - lib\screens\dashboard_screen.dart:745:23 - creation_with_non_type
  error - The method 'TextFormField' isn't defined for the type '_DashboardScreenState' - lib\screens\dashboard_screen.dart:746:17 - undefined_method
  error - The method 'InputDecoration' isn't defined for the type '_DashboardScreenState' - lib\screens\dashboard_screen.dart:750:31 - undefined_method
  error - The name 'SizedBox' isn't a class - lib\screens\dashboard_screen.dart:756:23 - creation_with_non_type
  error - The method 'Wrap' isn't defined for the type '_DashboardScreenState' - lib\screens\dashboard_screen.dart:757:17 - undefined_method
  error - Undefined name 'WrapAlignment' - lib\screens\dashboard_screen.dart:760:30 - undefined_identifier
  error - The method 'ElevatedButton' isn't defined for the type '_DashboardScreenState' - lib\screens\dashboard_screen.dart:763:21 - undefined_method
  error - The method 'Text' isn't defined for the type '_DashboardScreenState' - lib\screens\dashboard_screen.dart:765:30 - undefined_method
  error - Undefined class 'Widget' - lib\screens\dashboard_screen.dart:777:3 - undefined_class
  error - Undefined name 'AppLocalizations' - lib\screens\dashboard_screen.dart:778:18 - undefined_identifier
  error - Undefined name 'context' - lib\screens\dashboard_screen.dart:778:38 - undefined_identifier
  error - The method 'SectionCard' isn't defined for the type '_DashboardScreenState' - lib\screens\dashboard_screen.dart:780:14 - undefined_method
  error - The method 'Text' isn't defined for the type '_DashboardScreenState' - lib\screens\dashboard_screen.dart:783:16 - undefined_method
  error - Undefined name 'Theme' - lib\screens\dashboard_screen.dart:785:18 - undefined_identifier
  error - Undefined name 'context' - lib\screens\dashboard_screen.dart:785:27 - undefined_identifier
  error - The method 'SectionCard' isn't defined for the type '_DashboardScreenState' - lib\screens\dashboard_screen.dart:790:12 - undefined_method
  error - The method 'Column' isn't defined for the type '_DashboardScreenState' - lib\screens\dashboard_screen.dart:792:14 - undefined_method
  error - The property 'item' can't be unconditionally accessed because the receiver can be 'null' - lib\screens\dashboard_screen.dart:794:34 - unchecked_use_of_nullable_value
  error - The method 'CheckboxListTile' isn't defined for the type '_DashboardScreenState' - lib\screens\dashboard_screen.dart:796:18 - undefined_method
  error - The method 'setState' isn't defined for the type '_DashboardScreenState' - lib\screens\dashboard_screen.dart:799:15 - undefined_method
  error - The method 'Text' isn't defined for the type '_DashboardScreenState' - lib\screens\dashboard_screen.dart:807:20 - undefined_method
  error - The method 'Text' isn't defined for the type '_DashboardScreenState' - lib\screens\dashboard_screen.dart:808:23 - undefined_method
  error - Undefined name 'ListTileControlAffinity' - lib\screens\dashboard_screen.dart:811:30 - undefined_identifier
  error - Undefined class 'Widget' - lib\screens\dashboard_screen.dart:818:3 - undefined_class
  error - Undefined name 'AppLocalizations' - lib\screens\dashboard_screen.dart:819:18 - undefined_identifier
  error - Undefined name 'context' - lib\screens\dashboard_screen.dart:819:38 - undefined_identifier
  error - The property 'price' can't be unconditionally accessed because the receiver can be 'null' - lib\screens\dashboard_screen.dart:823:33 - unchecked_use_of_nullable_value
  error - The method 'SectionCard' isn't defined for the type '_DashboardScreenState' - lib\screens\dashboard_screen.dart:826:12 - undefined_method
  error - The method 'Column' isn't defined for the type '_DashboardScreenState' - lib\screens\dashboard_screen.dart:828:14 - undefined_method
  error - Undefined name 'CrossAxisAlignment' - lib\screens\dashboard_screen.dart:829:29 - undefined_identifier
  error - The method 'Padding' isn't defined for the type '_DashboardScreenState' - lib\screens\dashboard_screen.dart:832:13 - undefined_method
  error - Undefined name 'EdgeInsets' - lib\screens\dashboard_screen.dart:833:30 - undefined_identifier
  error - The method 'Text' isn't defined for the type '_DashboardScreenState' - lib\screens\dashboard_screen.dart:834:22 - undefined_method
  error - The method 'Text' isn't defined for the type '_DashboardScreenState' - lib\screens\dashboard_screen.dart:837:13 - undefined_method
  error - Undefined name 'Theme' - lib\screens\dashboard_screen.dart:839:22 - undefined_identifier
  error - Undefined name 'context' - lib\screens\dashboard_screen.dart:839:31 - undefined_identifier
  error - The method 'Column' isn't defined for the type '_DashboardScreenState' - lib\screens\dashboard_screen.dart:842:13 - undefined_method
  error - The method 'ListTile' isn't defined for the type '_DashboardScreenState' - lib\screens\dashboard_screen.dart:845:34 - undefined_method
  error - Undefined name 'EdgeInsets' - lib\screens\dashboard_screen.dart:846:39 - undefined_identifier
  error - The method 'Text' isn't defined for the type '_DashboardScreenState' - lib\screens\dashboard_screen.dart:847:30 - undefined_method
  error - The property 'title' can't be unconditionally accessed because the receiver can be 'null' - lib\screens\dashboard_screen.dart:847:43 - unchecked_use_of_nullable_value
  error - The method 'Text' isn't defined for the type '_DashboardScreenState' - lib\screens\dashboard_screen.dart:848:33 - undefined_method
  error - The property 'category' can't be unconditionally accessed because the receiver can be 'null' - lib\screens\dashboard_screen.dart:848:46 - unchecked_use_of_nullable_value
  error - The method 'Text' isn't defined for the type '_DashboardScreenState' - lib\screens\dashboard_screen.dart:849:33 - undefined_method
  error - The property 'price' can't be unconditionally accessed because the receiver can be 'null' - lib\screens\dashboard_screen.dart:849:62 - unchecked_use_of_nullable_value
  error - The name 'Divider' isn't a class - lib\screens\dashboard_screen.dart:854:17 - creation_with_non_type
  error - The method 'Row' isn't defined for the type '_DashboardScreenState' - lib\screens\dashboard_screen.dart:855:11 - undefined_method
  error - Undefined name 'MainAxisAlignment' - lib\screens\dashboard_screen.dart:856:32 - undefined_identifier
  error - The method 'Text' isn't defined for the type '_DashboardScreenState' - lib\screens\dashboard_screen.dart:858:15 - undefined_method
  error - The method 'Text' isn't defined for the type '_DashboardScreenState' - lib\screens\dashboard_screen.dart:859:15 - undefined_method
  error - The name 'SizedBox' isn't a class - lib\screens\dashboard_screen.dart:862:17 - creation_with_non_type
  error - The method 'Text' isn't defined for the type '_DashboardScreenState' - lib\screens\dashboard_screen.dart:863:11 - undefined_method
  error - Undefined name 'Theme' - lib\screens\dashboard_screen.dart:865:20 - undefined_identifier
  error - Undefined name 'context' - lib\screens\dashboard_screen.dart:865:29 - undefined_identifier
  error - Undefined class 'Widget' - lib\screens\dashboard_screen.dart:872:3 - undefined_class
  error - Undefined name 'AppLocalizations' - lib\screens\dashboard_screen.dart:873:18 - undefined_identifier
  error - Undefined name 'context' - lib\screens\dashboard_screen.dart:873:38 - undefined_identifier
  error - The method 'SectionCard' isn't defined for the type '_DashboardScreenState' - lib\screens\dashboard_screen.dart:874:12 - undefined_method
  error - The method 'Column' isn't defined for the type '_DashboardScreenState' - lib\screens\dashboard_screen.dart:877:14 - undefined_method
  error - Undefined name 'DocumentType' - lib\screens\dashboard_screen.dart:881:19 - undefined_identifier
  error - The name 'SizedBox' isn't a class - lib\screens\dashboard_screen.dart:885:17 - creation_with_non_type
  error - Undefined name 'DocumentType' - lib\screens\dashboard_screen.dart:888:19 - undefined_identifier
  error - The name 'SizedBox' isn't a class - lib\screens\dashboard_screen.dart:892:17 - creation_with_non_type
  error - Undefined name 'DocumentType' - lib\screens\dashboard_screen.dart:895:19 - undefined_identifier
  error - Undefined class 'Widget' - lib\screens\dashboard_screen.dart:904:3 - undefined_class
  error - Undefined class 'DocumentType' - lib\screens\dashboard_screen.dart:906:14 - undefined_class
  error - Undefined class 'GeneratedDocument' - lib\screens\dashboard_screen.dart:908:14 - undefined_class
  error - Undefined name 'AppLocalizations' - lib\screens\dashboard_screen.dart:910:18 - undefined_identifier
  error - Undefined name 'context' - lib\screens\dashboard_screen.dart:910:38 - undefined_identifier
  error - The method 'Row' isn't defined for the type '_DashboardScreenState' - lib\screens\dashboard_screen.dart:911:12 - undefined_method
  error - The method 'Expanded' isn't defined for the type '_DashboardScreenState' - lib\screens\dashboard_screen.dart:913:9 - undefined_method
  error - The method 'Column' isn't defined for the type '_DashboardScreenState' - lib\screens\dashboard_screen.dart:914:18 - undefined_method
  error - Undefined name 'CrossAxisAlignment' - lib\screens\dashboard_screen.dart:915:33 - undefined_identifier
  error - The method 'Text' isn't defined for the type '_DashboardScreenState' - lib\screens\dashboard_screen.dart:917:15 - undefined_method
  error - The method 'Text' isn't defined for the type '_DashboardScreenState' - lib\screens\dashboard_screen.dart:919:17 - undefined_method
  error - Undefined name 'Theme' - lib\screens\dashboard_screen.dart:921:26 - undefined_identifier
  error - Undefined name 'context' - lib\screens\dashboard_screen.dart:921:35 - undefined_identifier
  error - The method 'TextButton' isn't defined for the type '_DashboardScreenState' - lib\screens\dashboard_screen.dart:927:11 - undefined_method
  error - The method 'Text' isn't defined for the type '_DashboardScreenState' - lib\screens\dashboard_screen.dart:929:20 - undefined_method
  error - The name 'SizedBox' isn't a class - lib\screens\dashboard_screen.dart:931:15 - creation_with_non_type
  error - The method 'ElevatedButton' isn't defined for the type '_DashboardScreenState' - lib\screens\dashboard_screen.dart:932:9 - undefined_method
  error - The method 'Text' isn't defined for the type '_DashboardScreenState' - lib\screens\dashboard_screen.dart:934:18 - undefined_method
  error - Undefined class 'Widget' - lib\screens\dashboard_screen.dart:940:3 - undefined_class
  error - Undefined name 'AppLocalizations' - lib\screens\dashboard_screen.dart:941:18 - undefined_identifier
  error - Undefined name 'context' - lib\screens\dashboard_screen.dart:941:38 - undefined_identifier
  error - The method 'DateFormat' isn't defined for the type '_DashboardScreenState' - lib\screens\dashboard_screen.dart:944:11 - undefined_method
  error - Undefined name 'context' - lib\screens\dashboard_screen.dart:946:73 - undefined_identifier
  error - The method 'SectionCard' isn't defined for the type '_DashboardScreenState' - lib\screens\dashboard_screen.dart:948:12 - undefined_method
  error - The method 'Column' isn't defined for the type '_DashboardScreenState' - lib\screens\dashboard_screen.dart:950:14 - undefined_method
  error - The method 'TextFormField' isn't defined for the type '_DashboardScreenState' - lib\screens\dashboard_screen.dart:952:11 - undefined_method
  error - The method 'InputDecoration' isn't defined for the type '_DashboardScreenState' - lib\screens\dashboard_screen.dart:954:25 - undefined_method
  error - The name 'SizedBox' isn't a class - lib\screens\dashboard_screen.dart:956:17 - creation_with_non_type
  error - The method 'TextFormField' isn't defined for the type '_DashboardScreenState' - lib\screens\dashboard_screen.dart:957:11 - undefined_method
  error - The method 'InputDecoration' isn't defined for the type '_DashboardScreenState' - lib\screens\dashboard_screen.dart:961:25 - undefined_method
  error - The name 'SizedBox' isn't a class - lib\screens\dashboard_screen.dart:966:17 - creation_with_non_type
  error - The method 'Row' isn't defined for the type '_DashboardScreenState' - lib\screens\dashboard_screen.dart:967:11 - undefined_method
  error - The method 'Expanded' isn't defined for the type '_DashboardScreenState' - lib\screens\dashboard_screen.dart:969:15 - undefined_method
  error - The method 'InkWell' isn't defined for the type '_DashboardScreenState' - lib\screens\dashboard_screen.dart:970:24 - undefined_method
  error - The method 'InputDecorator' isn't defined for the type '_DashboardScreenState' - lib\screens\dashboard_screen.dart:972:26 - undefined_method
  error - The method 'InputDecoration' isn't defined for the type '_DashboardScreenState' - lib\screens\dashboard_screen.dart:973:33 - undefined_method
  error - The method 'Row' isn't defined for the type '_DashboardScreenState' - lib\screens\dashboard_screen.dart:974:28 - undefined_method
  error - Undefined name 'MainAxisAlignment' - lib\screens\dashboard_screen.dart:975:42 - undefined_identifier
  error - The method 'Text' isn't defined for the type '_DashboardScreenState' - lib\screens\dashboard_screen.dart:977:25 - undefined_method
  error - The name 'Icon' isn't a class - lib\screens\dashboard_screen.dart:978:31 - creation_with_non_type
  error - Undefined name 'Icons' - lib\screens\dashboard_screen.dart:978:36 - undefined_identifier
  error - The name 'SizedBox' isn't a class - lib\screens\dashboard_screen.dart:984:21 - creation_with_non_type
  error - The method 'Expanded' isn't defined for the type '_DashboardScreenState' - lib\screens\dashboard_screen.dart:985:15 - undefined_method
  error - The method 'InkWell' isn't defined for the type '_DashboardScreenState' - lib\screens\dashboard_screen.dart:986:24 - undefined_method
  error - The method 'InputDecorator' isn't defined for the type '_DashboardScreenState' - lib\screens\dashboard_screen.dart:988:26 - undefined_method
  error - The method 'InputDecoration' isn't defined for the type '_DashboardScreenState' - lib\screens\dashboard_screen.dart:989:33 - undefined_method
  error - The method 'Row' isn't defined for the type '_DashboardScreenState' - lib\screens\dashboard_screen.dart:990:28 - undefined_method
  error - Undefined name 'MainAxisAlignment' - lib\screens\dashboard_screen.dart:991:42 - undefined_identifier
  error - The method 'Text' isn't defined for the type '_DashboardScreenState' - lib\screens\dashboard_screen.dart:993:25 - undefined_method
  error - The name 'Icon' isn't a class - lib\screens\dashboard_screen.dart:994:31 - creation_with_non_type
  error - Undefined name 'Icons' - lib\screens\dashboard_screen.dart:994:36 - undefined_identifier
  error - The name 'SizedBox' isn't a class - lib\screens\dashboard_screen.dart:1002:17 - creation_with_non_type
  error - The method 'DropdownButtonFormField' isn't defined for the type '_DashboardScreenState' - lib\screens\dashboard_screen.dart:1003:11 - undefined_method
  error - The method 'DropdownMenuItem' isn't defined for the type '_DashboardScreenState' - lib\screens\dashboard_screen.dart:1006:15 - undefined_method
  error - The values in a const list literal must be constants - lib\screens\dashboard_screen.dart:1006:15 - non_constant_list_element
  error - The method 'Text' isn't defined for the type '_DashboardScreenState' - lib\screens\dashboard_screen.dart:1006:50 - undefined_method
  error - The method 'DropdownMenuItem' isn't defined for the type '_DashboardScreenState' - lib\screens\dashboard_screen.dart:1007:15 - undefined_method
  error - The values in a const list literal must be constants - lib\screens\dashboard_screen.dart:1007:15 - non_constant_list_element
  error - The method 'Text' isn't defined for the type '_DashboardScreenState' - lib\screens\dashboard_screen.dart:1007:50 - undefined_method
  error - The method 'DropdownMenuItem' isn't defined for the type '_DashboardScreenState' - lib\screens\dashboard_screen.dart:1008:15 - undefined_method
  error - The values in a const list literal must be constants - lib\screens\dashboard_screen.dart:1008:15 - non_constant_list_element
  error - The method 'Text' isn't defined for the type '_DashboardScreenState' - lib\screens\dashboard_screen.dart:1008:50 - undefined_method
  error - The method 'setState' isn't defined for the type '_DashboardScreenState' - lib\screens\dashboard_screen.dart:1011:15 - undefined_method
  error - The method 'InputDecoration' isn't defined for the type '_DashboardScreenState' - lib\screens\dashboard_screen.dart:1015:25 - undefined_method
  error - The name 'SizedBox' isn't a class - lib\screens\dashboard_screen.dart:1017:17 - creation_with_non_type
  error - The method 'Wrap' isn't defined for the type '_DashboardScreenState' - lib\screens\dashboard_screen.dart:1018:11 - undefined_method
  error - Undefined name 'WrapAlignment' - lib\screens\dashboard_screen.dart:1021:24 - undefined_identifier
  error - The method 'OutlinedButton' isn't defined for the type '_DashboardScreenState' - lib\screens\dashboard_screen.dart:1023:15 - undefined_method
  error - The method 'Text' isn't defined for the type '_DashboardScreenState' - lib\screens\dashboard_screen.dart:1025:24 - undefined_method
  error - The method 'ElevatedButton' isn't defined for the type '_DashboardScreenState' - lib\screens\dashboard_screen.dart:1027:15 - undefined_method
  error - The method 'Text' isn't defined for the type '_DashboardScreenState' - lib\screens\dashboard_screen.dart:1029:24 - undefined_method
  error - Undefined class 'GeneratedDocument' - lib\screens\dashboard_screen.dart:1038:29 - undefined_class
  error - Undefined name 'Printing' - lib\screens\dashboard_screen.dart:1040:13 - undefined_identifier
  error - Undefined name 'mounted' - lib\screens\dashboard_screen.dart:1045:12 - undefined_identifier
  error - Undefined name 'ScaffoldMessenger' - lib\screens\dashboard_screen.dart:1046:7 - undefined_identifier
  error - Undefined name 'context' - lib\screens\dashboard_screen.dart:1046:28 - undefined_identifier
  error - The method 'SnackBar' isn't defined for the type '_DashboardScreenState' - lib\screens\dashboard_screen.dart:1047:9 - undefined_method
  error - The method 'Text' isn't defined for the type '_DashboardScreenState' - lib\screens\dashboard_screen.dart:1047:27 - undefined_method
   info - Don't use 'BuildContext's across async gaps, guarded by an unrelated 'mounted' check - lib\screens\login_screen.dart:105:56 - use_build_context_synchronously
   info - Don't use 'BuildContext's across async gaps, guarded by an unrelated 'mounted' check - lib\screens\login_screen.dart:106:80 - use_build_context_synchronously
  error - Expected to find ']' - lib\screens\login_screen.dart:120:13 - expected_token
  error - Expected to find ')' - lib\screens\login_screen.dart:121:11 - expected_token
   info - Unnecessary use of 'toList' in a spread - lib\services\document_builder.dart:149:10 - unnecessary_to_list_in_spreads
   info - 'Table.fromTextArray' is deprecated and shouldn't be used. Use TableHelper.fromTextArray() instead - lib\services\document_builder.dart:152:12 - deprecated_member_use
   info - The parameter name 'sum' matches a visible type name - lib\services\document_service.dart:55:45 - avoid_types_as_parameter_names
   info - 'withOpacity' is deprecated and shouldn't be used. Use .withValues() to avoid precision loss - lib\widgets\language_selection_dialog.dart:22:37 - deprecated_member_use

