
> maple-web@0.1.0 build
> next build

   ▲ Next.js 16.0.10 (Turbopack)

   Creating an optimized production build ...

-----
FATAL: An unexpected Turbopack error occurred. A panic log has been written to C:\Users\LEONARD\AppData\Local\Temp\next-panic-2341e7a5b4cabbe51d45dec1eefb3642.log.

To help make Turbopack better, report this error by clicking here.
-----


> Build error occurred
Error [TurbopackInternalError]: reading file B:\iCloudDrive\maple education\05_Company_Website\maple-web\node_modules\@react-leaflet\core\lib\grid-layer.js

Caused by:
- 云操作不成功。 (os error 389)

Debug info:
- Execution of get_all_written_entrypoints_with_issues_operation failed
- Execution of PlainIssue::from_issue failed
- Execution of PlainSource::from_source failed
- Execution of <FileSource as Asset>::content failed
- Execution of <DiskFileSystem as FileSystem>::read failed
- reading file B:\iCloudDrive\maple education\05_Company_Website\maple-web\node_modules\@react-leaflet\core\lib\grid-layer.js
- 云操作不成功。 (os error 389)
    at ignore-listed frames {
  type: 'TurbopackInternalError',
  location: undefined
}
